<?xml version="1.0" encoding="UTF-8"?>
<!-- Generated by org.testng.reporters.JUnitReportReporter -->
<testsuite hostname="DESKTOP-46JBKBL" failures="0" tests="1" name="extentR.Extent_Reports" time="0.552" errors="0" timestamp="2023-06-27T10:56:19 IST" skipped="0">
  <testcase classname="extentR.Extent_Reports" name="test1" time="0.552"/>
</testsuite> <!-- extentR.Extent_Reports -->
