<?xml version="1.0" encoding="UTF-8"?>
<!-- Generated by org.testng.reporters.JUnitReportReporter -->
<testsuite hostname="DESKTOP-46JBKBL" failures="0" tests="2" name="runner_Script.Runner2" time="16.214" errors="0" timestamp="2023-07-03T19:20:41 IST" skipped="0">
  <testcase classname="runner_Script.Runner2" name="fb" time="8.098"/>
  <testcase classname="runner_Script.Runner2" name="fb" time="8.116"/>
</testsuite> <!-- runner_Script.Runner2 -->
