<?xml version="1.0" encoding="UTF-8"?>
<!-- Generated by org.testng.reporters.JUnitReportReporter -->
<testsuite hostname="DESKTOP-46JBKBL" failures="0" tests="1" name="extentR.Log4j_msg_On_Reports" time="0.050" errors="0" timestamp="2023-06-29T15:31:47 IST" skipped="0">
  <testcase classname="extentR.Log4j_msg_On_Reports" name="test1" time="0.050"/>
</testsuite> <!-- extentR.Log4j_msg_On_Reports -->
