<?xml version="1.0" encoding="UTF-8"?>
<!-- Generated by org.testng.reporters.JUnitReportReporter -->
<testsuite hostname="DESKTOP-46JBKBL" failures="0" tests="1" name="runner_Script.Runner_DemoStd" time="41.124" errors="0" timestamp="2023-07-03T17:09:03 IST" skipped="0">
  <testcase classname="runner_Script.Runner_DemoStd" name="signUp" time="41.124"/>
</testsuite> <!-- runner_Script.Runner_DemoStd -->
