<?xml version="1.0" encoding="UTF-8"?>
<!-- Generated by org.testng.reporters.JUnitReportReporter -->
<testsuite hostname="DESKTOP-46JBKBL" failures="0" tests="1" name="extentR.Log4j" time="0.056" errors="0" timestamp="2023-06-29T15:22:23 IST" skipped="0">
  <testcase classname="extentR.Log4j" name="test2" time="0.056"/>
</testsuite> <!-- extentR.Log4j -->
