<?xml version="1.0" encoding="UTF-8"?>
<!-- Generated by org.testng.reporters.JUnitReportReporter -->
<testsuite hostname="DESKTOP-46JBKBL" failures="0" tests="2" name="runner_Script.DataProv" time="10.017" errors="0" timestamp="2023-07-03T17:12:50 IST" skipped="0">
  <testcase classname="runner_Script.DataProv" name="validTest" time="4.150"/>
  <testcase classname="runner_Script.DataProv" name="validTest" time="5.867"/>
</testsuite> <!-- runner_Script.DataProv -->
