<?xml version="1.0" encoding="UTF-8"?>
<!-- Generated by org.testng.reporters.JUnitReportReporter -->
<testsuite hostname="DESKTOP-46JBKBL" failures="0" tests="1" name="runner_Script.Demos1" time="28.219" errors="0" timestamp="2023-06-29T16:18:30 IST" skipped="0">
  <testcase classname="runner_Script.Demos1" name="test" time="28.219"/>
</testsuite> <!-- runner_Script.Demos1 -->
